#
# There is insufficient memory for the Java Runtime Environment to continue.
# Native memory allocation (mmap) failed to map 257949696 bytes for G1 virtual space
# Possible reasons:
#   The system is out of physical RAM or swap space
#   The process is running with CompressedOops enabled, and the Java Heap may be blocking the growth of the native heap
# Possible solutions:
#   Reduce memory load on the system
#   Increase physical memory or swap space
#   Check if swap backing store is full
#   Decrease Java heap size (-Xmx/-Xms)
#   Decrease number of Java threads
#   Decrease Java thread stack sizes (-Xss)
#   Set larger code cache with -XX:ReservedCodeCacheSize=
#   JVM is running with Zero Based Compressed Oops mode in which the Java heap is
#     placed in the first 32GB address space. The Java Heap base address is the
#     maximum limit for the native heap growth. Please use -XX:HeapBaseMinAddress
#     to set the Java Heap base and to place the Java Heap above 32GB virtual address.
# This output file may be truncated or incomplete.
#
#  Out of Memory Error (os_windows.cpp:3548), pid=7968, tid=420
#
# JRE version:  (17.0.10+11) (build )
# Java VM: Java HotSpot(TM) 64-Bit Server VM (17.0.10+11-LTS-240, mixed mode, sharing, tiered, compressed oops, compressed class ptrs, g1 gc, windows-amd64)
# No core dump will be written. Minidumps are not enabled by default on client versions of Windows
#

---------------  S U M M A R Y ------------

Command Line: -Dfile.encoding=windows-1251 -Duser.country=RU -Duser.language=ru -Duser.variant com.project.Messenger.MessengerApplication

Host: AMD Ryzen 5 4600H with Radeon Graphics         , 12 cores, 15G,  Windows 10 , 64 bit Build 19041 (10.0.19041.4717)
Time: Thu Sep 12 01:28:50 2024 RTZ 2 (s 10 , 64 bit Build 19041 (10.0.19041.4717) elapsed time: 0.012564 seconds (0d 0h 0m 0s)

---------------  T H R E A D  ---------------

Current thread (0x00000271ee5a5ec0):  JavaThread "Unknown thread" [_thread_in_vm, id=420, stack(0x000000a6a0200000,0x000000a6a0300000)]

Stack: [0x000000a6a0200000,0x000000a6a0300000]
Native frames: (J=compiled Java code, j=interpreted, Vv=VM code, C=native code)
V  [jvm.dll+0x677a5a]
V  [jvm.dll+0x7d8b2d]
V  [jvm.dll+0x7da48e]
V  [jvm.dll+0x7daaf3]
V  [jvm.dll+0x2455ff]
V  [jvm.dll+0x6749b9]
V  [jvm.dll+0x669382]
V  [jvm.dll+0x302e96]
V  [jvm.dll+0x30a416]
V  [jvm.dll+0x359cbe]
V  [jvm.dll+0x359eef]
V  [jvm.dll+0x2d9e88]
V  [jvm.dll+0x2dadf4]
V  [jvm.dll+0x7aa551]
V  [jvm.dll+0x367911]
V  [jvm.dll+0x789639]
V  [jvm.dll+0x3eb30f]
V  [jvm.dll+0x3ecd91]
C  [jli.dll+0x5297]
C  [ucrtbase.dll+0x21bb2]
C  [KERNEL32.DLL+0x17374]
C  [ntdll.dll+0x4cc91]


---------------  P R O C E S S  ---------------

Threads class SMR info:
_java_thread_list=0x00007ff848d46a18, length=0, elements={
}

Java Threads: ( => current thread )

Other Threads:
  0x00000271ee60ed60 GCTaskThread "GC Thread#0" [stack: 0x000000a6a0300000,0x000000a6a0400000] [id=10632]
  0x00000271ee61f1b0 ConcurrentGCThread "G1 Main Marker" [stack: 0x000000a6a0400000,0x000000a6a0500000] [id=10468]
  0x00000271ee61fac0 ConcurrentGCThread "G1 Conc#0" [stack: 0x000000a6a0500000,0x000000a6a0600000] [id=14432]

[error occurred during error reporting (printing all threads), id 0xc0000005, EXCEPTION_ACCESS_VIOLATION (0xc0000005) at pc=0x00007ff84857aae7]

VM state: not at safepoint (not fully initialized)

VM Mutex/Monitor currently owned by a thread:  ([mutex/lock_event])
[0x00000271ee5a0590] Heap_lock - owner thread: 0x00000271ee5a5ec0

Heap address: 0x000000070a000000, size: 3936 MB, Compressed Oops mode: Zero based, Oop shift amount: 3

CDS archive(s) mapped at: [0x0000000000000000-0x0000000000000000-0x0000000000000000), size 0, SharedBaseAddress: 0x0000000800000000, ArchiveRelocationMode: 1.
Narrow klass base: 0x0000000000000000, Narrow klass shift: 0, Narrow klass range: 0x0

GC Precious Log:
<Empty>

Heap:
 garbage-first heap   total 0K, used 0K [0x000000070a000000, 0x0000000800000000)
  region size 2048K, 0 young (0K), 0 survivors (0K)

[error occurred during error reporting (printing heap information), id 0xc0000005, EXCEPTION_ACCESS_VIOLATION (0xc0000005) at pc=0x00007ff848961249]

GC Heap History (0 events):
No events

Deoptimization events (0 events):
No events

Classes unloaded (0 events):
No events

Classes redefined (0 events):
No events

Internal exceptions (0 events):
No events

VM Operations (0 events):
No events

Events (1 events):
Event: 0.007 Loaded shared library C:\Program Files\Java\jdk-17\bin\java.dll


Dynamic libraries:
0x00007ff71ebe0000 - 0x00007ff71ebf0000 	C:\Program Files\Java\jdk-17\bin\java.exe
0x00007ff8c5ad0000 - 0x00007ff8c5cc8000 	C:\Windows\SYSTEM32\ntdll.dll
0x00007ff8c41c0000 - 0x00007ff8c4281000 	C:\Windows\System32\KERNEL32.DLL
0x00007ff8c3370000 - 0x00007ff8c366d000 	C:\Windows\System32\KERNELBASE.dll
0x00007ff8c3840000 - 0x00007ff8c3940000 	C:\Windows\System32\ucrtbase.dll
0x00007ff860900000 - 0x00007ff860919000 	C:\Program Files\Java\jdk-17\bin\jli.dll
0x00007ff860ff0000 - 0x00007ff86100b000 	C:\Program Files\Java\jdk-17\bin\VCRUNTIME140.dll
0x00007ff8c5510000 - 0x00007ff8c55c0000 	C:\Windows\System32\ADVAPI32.dll
0x00007ff8c4290000 - 0x00007ff8c432e000 	C:\Windows\System32\msvcrt.dll
0x00007ff8c4120000 - 0x00007ff8c41c0000 	C:\Windows\System32\sechost.dll
0x00007ff8c45e0000 - 0x00007ff8c4703000 	C:\Windows\System32\RPCRT4.dll
0x00007ff8c3940000 - 0x00007ff8c3967000 	C:\Windows\System32\bcrypt.dll
0x00007ff8c5670000 - 0x00007ff8c580d000 	C:\Windows\System32\USER32.dll
0x00007ff8c36c0000 - 0x00007ff8c36e2000 	C:\Windows\System32\win32u.dll
0x00007ff8a67e0000 - 0x00007ff8a6a7a000 	C:\Windows\WinSxS\amd64_microsoft.windows.common-controls_6595b64144ccf1df_6.0.19041.4355_none_60b8b9eb71f62e16\COMCTL32.dll
0x00007ff8c4f60000 - 0x00007ff8c4f8b000 	C:\Windows\System32\GDI32.dll
0x00007ff8c3250000 - 0x00007ff8c3367000 	C:\Windows\System32\gdi32full.dll
0x00007ff8c37a0000 - 0x00007ff8c383d000 	C:\Windows\System32\msvcp_win.dll
0x00007ff8b7cd0000 - 0x00007ff8b7cda000 	C:\Windows\SYSTEM32\VERSION.dll
0x00007ff8c4400000 - 0x00007ff8c442f000 	C:\Windows\System32\IMM32.DLL
0x00007ff890c20000 - 0x00007ff890c2c000 	C:\Program Files\Java\jdk-17\bin\vcruntime140_1.dll
0x00007ff848e70000 - 0x00007ff848efe000 	C:\Program Files\Java\jdk-17\bin\msvcp140.dll
0x00007ff848290000 - 0x00007ff848e6f000 	C:\Program Files\Java\jdk-17\bin\server\jvm.dll
0x00007ff8c5810000 - 0x00007ff8c5818000 	C:\Windows\System32\PSAPI.DLL
0x00007ff8c18b0000 - 0x00007ff8c18d7000 	C:\Windows\SYSTEM32\WINMM.dll
0x00007ff8aaa10000 - 0x00007ff8aaa19000 	C:\Windows\SYSTEM32\WSOCK32.dll
0x00007ff8c4ee0000 - 0x00007ff8c4f4b000 	C:\Windows\System32\WS2_32.dll
0x00007ff8c1930000 - 0x00007ff8c1942000 	C:\Windows\SYSTEM32\kernel.appcore.dll
0x00007ff88eaa0000 - 0x00007ff88eaaa000 	C:\Program Files\Java\jdk-17\bin\jimage.dll
0x00007ff8c0ca0000 - 0x00007ff8c0e84000 	C:\Windows\SYSTEM32\DBGHELP.DLL
0x00007ff8acf00000 - 0x00007ff8acf34000 	C:\Windows\SYSTEM32\dbgcore.DLL
0x00007ff8c3150000 - 0x00007ff8c31d2000 	C:\Windows\System32\bcryptPrimitives.dll
0x00007ff848260000 - 0x00007ff848285000 	C:\Program Files\Java\jdk-17\bin\java.dll

dbghelp: loaded successfully - version: 4.0.5 - missing functions: none
symbol engine: initialized successfully - sym options: 0x614 - pdb path: .;C:\Program Files\Java\jdk-17\bin;C:\Windows\SYSTEM32;C:\Windows\WinSxS\amd64_microsoft.windows.common-controls_6595b64144ccf1df_6.0.19041.4355_none_60b8b9eb71f62e16;C:\Program Files\Java\jdk-17\bin\server

VM Arguments:
jvm_args: -Dfile.encoding=windows-1251 -Duser.country=RU -Duser.language=ru -Duser.variant 
java_command: com.project.Messenger.MessengerApplication
java_class_path (initial): C:\Users\Sergey\.gradle\.tmp\gradle-javaexec-classpath15792800816764843283.jar
Launcher Type: SUN_STANDARD

[Global flags]
     intx CICompilerCount                          = 4                                         {product} {ergonomic}
     uint ConcGCThreads                            = 3                                         {product} {ergonomic}
     uint G1ConcRefinementThreads                  = 10                                        {product} {ergonomic}
   size_t G1HeapRegionSize                         = 2097152                                   {product} {ergonomic}
    uintx GCDrainStackTargetSize                   = 64                                        {product} {ergonomic}
   size_t InitialHeapSize                          = 257949696                                 {product} {ergonomic}
   size_t MarkStackSize                            = 4194304                                   {product} {ergonomic}
   size_t MaxHeapSize                              = 4127195136                                {product} {ergonomic}
   size_t MinHeapDeltaBytes                        = 2097152                                   {product} {ergonomic}
   size_t MinHeapSize                              = 8388608                                   {product} {ergonomic}
    uintx NonNMethodCodeHeapSize                   = 5839372                                {pd product} {ergonomic}
    uintx NonProfiledCodeHeapSize                  = 122909434                              {pd product} {ergonomic}
    uintx ProfiledCodeHeapSize                     = 122909434                              {pd product} {ergonomic}
    uintx ReservedCodeCacheSize                    = 251658240                              {pd product} {ergonomic}
     bool SegmentedCodeCache                       = true                                      {product} {ergonomic}
   size_t SoftMaxHeapSize                          = 4127195136                             {manageable} {ergonomic}
     bool UseCompressedClassPointers               = true                           {product lp64_product} {ergonomic}
     bool UseCompressedOops                        = true                           {product lp64_product} {ergonomic}
     bool UseG1GC                                  = true                                      {product} {ergonomic}
     bool UseLargePagesIndividualAllocation        = false                                  {pd product} {ergonomic}

Logging:
Log output configuration:
 #0: stdout all=warning uptime,level,tags
 #1: stderr all=off uptime,level,tags

Environment Variables:
PATH=C:\ProgramData\Oracle\Java\javapath;C:\Program Files\Common Files\Oracle\Java\javapath;C:\Windows\system32;C:\Windows;C:\Windows\System32\Wbem;C:\Windows\System32\WindowsPowerShell\v1.0\;C:\Windows\System32\OpenSSH\;C:\Program Files\Git\cmd;C:\Program Files\dotnet\;C:\Program Files (x86)\dotnet\;C:\GSS\MinGW\bin;C:\Program Files\Microsoft SQL Server\150\Tools\Binn\;C:\Program Files\Microsoft SQL Server\Client SDK\ODBC\170\Tools\Binn\;C:\Program Files (x86)\Gpg4win\..\GnuPG\bin;C:\Program Files\Docker\Docker\resources\bin;C:\Program Files\MySQL\MySQL Shell 8.0\bin\;C:\Users\Sergey\AppData\Local\Microsoft\WindowsApps;C:\Program Files\JetBrains\PyCharm Community Edition 2022.1.1\bin;C:\Program Files\Python310\Scripts;C:\Users\Sergey\.dotnet\tools;C:\Program Files\JetBrains\CLion 2022.2.1\bin;C:\Users\Sergey\AppData\Local\Programs\Microsoft VS Code\bin;C:\Program Files\JetBrains\IntelliJ IDEA Educational Edition 2022.2.2\bin;;C:\Windows\System32;
USERNAME=Sergey
OS=Windows_NT
PROCESSOR_IDENTIFIER=AMD64 Family 23 Model 96 Stepping 1, AuthenticAMD



---------------  S Y S T E M  ---------------

OS:
 Windows 10 , 64 bit Build 19041 (10.0.19041.4717)
OS uptime: 6 days 6:12 hours
Hyper-V role detected

CPU: total 12 (initial active 12) (12 cores per cpu, 2 threads per core) family 23 model 96 stepping 1 microcode 0x0, cx8, cmov, fxsr, ht, mmx, 3dnowpref, sse, sse2, sse3, ssse3, sse4a, sse4.1, sse4.2, popcnt, lzcnt, tsc, tscinvbit, avx, avx2, aes, clmul, bmi1, bmi2, adx, sha, fma, vzeroupper, clflush, clflushopt, hv

Memory: 4k page, system-wide physical 15741M (2033M free)
TotalPageFile size 15741M (AvailPageFile size 58M)
current process WorkingSet (physical memory assigned to process): 10M, peak: 10M
current process commit charge ("private bytes"): 64M, peak: 310M

vm_info: Java HotSpot(TM) 64-Bit Server VM (17.0.10+11-LTS-240) for windows-amd64 JRE (17.0.10+11-LTS-240), built on Dec 19 2023 21:47:25 by "mach5one" with MS VC++ 17.1 (VS2022)

END.
